<?xml version="1.0" encoding="UTF-8"?>
<!-- Generated by org.testng.reporters.JUnitReportReporter -->
<testsuite hostname="LAPTOP-CP5FO7GE" name="testClasses.LoginPageTest" tests="1" failures="0" timestamp="8 Oct 2017 16:33:21 GMT" time="7.120" errors="0">
  <testcase name="loginWithValidCredentials" time="7.120" classname="testClasses.LoginPageTest"/>
</testsuite> <!-- testClasses.LoginPageTest -->
