<?xml version="1.0" encoding="UTF-8"?>
<!-- Generated by org.testng.reporters.JUnitReportReporter -->
<testsuite hostname="SILICUS253" name="testClasses.LoginPageTest" tests="1" failures="0" timestamp="10 Oct 2017 10:08:13 GMT" time="3.474" errors="0">
  <testcase name="loginWithValidCredentials" time="3.474" classname="testClasses.LoginPageTest"/>
</testsuite> <!-- testClasses.LoginPageTest -->
