<?xml version="1.0" encoding="UTF-8"?>
<!-- Generated by org.testng.reporters.JUnitReportReporter -->
<testsuite hostname="SILICUS253" name="testClasses.RecruitmentPageTest" tests="3" failures="0" timestamp="10 Oct 2017 10:08:13 GMT" time="11.960" errors="0">
  <testcase name="addNewVacancy" time="6.758" classname="testClasses.RecruitmentPageTest"/>
  <testcase name="newVacancyData" time="1.088" classname="testClasses.RecruitmentPageTest"/>
  <testcase name="openVacancies" time="4.114" classname="testClasses.RecruitmentPageTest"/>
</testsuite> <!-- testClasses.RecruitmentPageTest -->
