<?xml version="1.0" encoding="UTF-8"?>
<!-- Generated by org.testng.reporters.JUnitReportReporter -->
<testsuite hostname="SILICUS253" name="testClasses.RecruitmentPageTest" tests="1" failures="0" timestamp="7 Oct 2017 12:46:57 GMT" time="2.156" errors="0">
  <testcase name="openVacancies" time="2.156" classname="testClasses.RecruitmentPageTest"/>
</testsuite> <!-- testClasses.RecruitmentPageTest -->
