<?xml version="1.0" encoding="UTF-8"?>
<!-- Generated by org.testng.reporters.JUnitReportReporter -->
<testsuite hostname="SILICUS253" name="common.BaseTest" tests="1" failures="0" timestamp="6 Oct 2017 04:55:11 GMT" time="22.963" errors="0">
  <testcase name="openBrowser" time="22.963" classname="common.BaseTest"/>
</testsuite> <!-- common.BaseTest -->
