<?xml version="1.0" encoding="UTF-8"?>
<!-- Generated by org.testng.reporters.JUnitReportReporter -->
<testsuite hostname="SILICUS253" name="testClasses.LoginPageTest" tests="1" failures="0" timestamp="7 Oct 2017 12:46:57 GMT" time="3.301" errors="0">
  <testcase name="loginWithValidCredentials" time="3.301" classname="testClasses.LoginPageTest"/>
</testsuite> <!-- testClasses.LoginPageTest -->
