<?xml version="1.0" encoding="UTF-8"?>
<!-- Generated by org.testng.reporters.JUnitReportReporter -->
<testsuite hostname="SILICUS253" name="testClasses.RecruitmentPageTest" tests="3" failures="0" timestamp="9 Oct 2017 12:53:35 GMT" time="12.427" errors="0">
  <testcase name="addNewVacancy" time="6.752" classname="testClasses.RecruitmentPageTest"/>
  <testcase name="newVacancyData" time="1.092" classname="testClasses.RecruitmentPageTest"/>
  <testcase name="openVacancies" time="4.583" classname="testClasses.RecruitmentPageTest"/>
</testsuite> <!-- testClasses.RecruitmentPageTest -->
